{"timestamp":"2025-12-02T12:56:03.789Z","userId":"68fb1f873cfcdfde25e2f0fd","role":"ADMIN","action":"VIEW_ALL_QUOTATIONS","resourceId":null,"quotationRequestId":null,"quotationId":null,"status":"SUCCESS","clientIp":"::1","details":"statusFilter=all, count=22"}
{"timestamp":"2025-12-02T12:56:35.107Z","userId":"690a2d2810d81abe50bf1d88","role":"BUYER","action":"APPROVE_QUOTATION","resourceId":"69267f1a9007e30b6f66300a","quotationRequestId":null,"quotationId":"QT-586709-714","status":"SUCCESS","clientIp":"::1","details":"oldStatus=issued, newStatus=approved, orderNumber=ORD-194926-872, grandTotal=2998.01"}
{"timestamp":"2025-12-02T12:56:37.982Z","userId":"690a2d2810d81abe50bf1d88","role":"BUYER","action":"VIEW_MY_QUOTATIONS","resourceId":null,"quotationRequestId":null,"quotationId":null,"status":"SUCCESS","clientIp":"::1","details":"statusFilter=all, count=17"}
{"timestamp":"2025-12-02T13:13:37.582Z","userId":null,"role":"GUEST","action":"ADD_STONE","resourceId":null,"quotationRequestId":null,"quotationId":null,"status":"ERROR","clientIp":"::1","details":"Unexpected error: stones validation failed: image: Path `image` is required."}
{"timestamp":"2025-12-02T13:14:30.890Z","userId":null,"role":"GUEST","action":"ADD_STONE","resourceId":null,"quotationRequestId":null,"quotationId":null,"status":"ERROR","clientIp":"::1","details":"Unexpected error: stones validation failed: image: Path `image` is required."}
{"timestamp":"2025-12-02T13:16:06.253Z","userId":null,"role":"GUEST","action":"ADD_STONE","resourceId":"692ee6969cbaca35b48855e3","quotationRequestId":null,"quotationId":null,"status":"SUCCESS","clientIp":"::1","details":"stoneName=jeb, category=jebrana, price=87878, qrCode=7645d57d-1f8f-4817-bd52-8b173bc6e069"}
{"timestamp":"2025-12-02T13:16:49.636Z","userId":"68fb1f873cfcdfde25e2f0fd","role":"ADMIN","action":"VIEW_ALL_QUOTATIONS","resourceId":null,"quotationRequestId":null,"quotationId":null,"status":"SUCCESS","clientIp":"::1","details":"statusFilter=all, count=22"}
{"timestamp":"2025-12-02T13:32:32.796Z","userId":"690a2d2810d81abe50bf1d88","role":"BUYER","action":"VIEW_MY_QUOTATIONS","resourceId":null,"quotationRequestId":null,"quotationId":null,"status":"SUCCESS","clientIp":"::1","details":"statusFilter=all, count=17"}
{"timestamp":"2025-12-02T13:32:33.166Z","userId":"68fb1f873cfcdfde25e2f0fd","role":"ADMIN","action":"VIEW_ALL_QUOTATIONS","resourceId":null,"quotationRequestId":null,"quotationId":null,"status":"SUCCESS","clientIp":"::1","details":"statusFilter=all, count=22"}
{"timestamp":"2025-12-02T16:52:26.033Z","userId":"68fb1f873cfcdfde25e2f0fd","role":"ADMIN","action":"VIEW_ALL_QUOTATIONS","resourceId":null,"quotationRequestId":null,"quotationId":null,"status":"SUCCESS","clientIp":"::1","details":"statusFilter=all, count=22"}
{"timestamp":"2025-12-02T17:12:03.148Z","userId":"68fb1f873cfcdfde25e2f0fd","role":"ADMIN","action":"VIEW_ALL_QUOTATIONS","resourceId":null,"quotationRequestId":null,"quotationId":null,"status":"SUCCESS","clientIp":"::1","details":"statusFilter=all, count=22"}
{"timestamp":"2025-12-02T20:04:05.361Z","userId":"68fb1f873cfcdfde25e2f0fd","role":"ADMIN","action":"VIEW_ALL_QUOTATIONS","resourceId":null,"quotationRequestId":null,"quotationId":null,"status":"SUCCESS","clientIp":"::1","details":"statusFilter=all, count=22"}
{"timestamp":"2025-12-02T20:04:44.713Z","userId":"68fb1f873cfcdfde25e2f0fd","role":"ADMIN","action":"VIEW_ALL_QUOTATIONS","resourceId":null,"quotationRequestId":null,"quotationId":null,"status":"SUCCESS","clientIp":"::1","details":"statusFilter=all, count=22"}
{"timestamp":"2025-12-02T20:05:01.491Z","userId":"68fb1f873cfcdfde25e2f0fd","role":"ADMIN","action":"VIEW_ALL_USERS","resourceId":null,"quotationRequestId":null,"quotationId":null,"status":"SUCCESS","clientIp":"::1","details":"Admin viewed all users, count=13"}
{"timestamp":"2025-12-02T20:05:02.892Z","userId":"68fb1f873cfcdfde25e2f0fd","role":"ADMIN","action":"VIEW_ALL_QUOTATIONS","resourceId":null,"quotationRequestId":null,"quotationId":null,"status":"SUCCESS","clientIp":"::1","details":"statusFilter=all, count=22"}
{"timestamp":"2025-12-02T20:08:47.332Z","userId":"68fb1f873cfcdfde25e2f0fd","role":"ADMIN","action":"VIEW_ALL_USERS","resourceId":null,"quotationRequestId":null,"quotationId":null,"status":"SUCCESS","clientIp":"::1","details":"Admin viewed all users, count=13"}
{"timestamp":"2025-12-02T20:18:09.746Z","userId":"690a2d2810d81abe50bf1d88","role":"BUYER","action":"VIEW_MY_QUOTATIONS","resourceId":null,"quotationRequestId":null,"quotationId":null,"status":"SUCCESS","clientIp":"::1","details":"statusFilter=all, count=17"}
{"timestamp":"2025-12-02T23:31:22.621Z","userId":"68fb1f873cfcdfde25e2f0fd","role":"ADMIN","action":"VIEW_ALL_USERS","resourceId":null,"quotationRequestId":null,"quotationId":null,"status":"SUCCESS","clientIp":"::1","details":"Admin viewed all users, count=13"}
{"timestamp":"2025-12-02T23:59:46.259Z","userId":"68fb1f873cfcdfde25e2f0fd","role":"ADMIN","action":"VIEW_ALL_USERS","resourceId":null,"quotationRequestId":null,"quotationId":null,"status":"SUCCESS","clientIp":"::1","details":"Admin viewed all users, count=13"}
{"timestamp":"2025-12-03T00:14:20.876Z","userId":"68fb1f873cfcdfde25e2f0fd","role":"ADMIN","action":"VIEW_ALL_USERS","resourceId":null,"quotationRequestId":null,"quotationId":null,"status":"SUCCESS","clientIp":"::1","details":"Admin viewed all users, count=13"}
{"timestamp":"2025-12-03T00:14:20.877Z","userId":"68fb1f873cfcdfde25e2f0fd","role":"ADMIN","action":"VIEW_ALL_USERS","resourceId":null,"quotationRequestId":null,"quotationId":null,"status":"SUCCESS","clientIp":"::1","details":"Admin viewed all users, count=13"}
{"timestamp":"2025-12-03T06:59:38.053Z","userId":"68fb1f873cfcdfde25e2f0fd","role":"ADMIN","action":"VIEW_ALL_USERS","resourceId":null,"quotationRequestId":null,"quotationId":null,"status":"SUCCESS","clientIp":"::1","details":"Admin viewed all users, count=13"}
{"timestamp":"2025-12-03T07:00:24.093Z","userId":"68fb1f873cfcdfde25e2f0fd","role":"ADMIN","action":"VIEW_ALL_USERS","resourceId":null,"quotationRequestId":null,"quotationId":null,"status":"SUCCESS","clientIp":"::1","details":"Admin viewed all users, count=13"}
{"timestamp":"2025-12-03T09:01:25.817Z","userId":"68fb1f873cfcdfde25e2f0fd","role":"ADMIN","action":"VIEW_ALL_USERS","resourceId":null,"quotationRequestId":null,"quotationId":null,"status":"SUCCESS","clientIp":"::1","details":"Admin viewed all users, count=13"}
{"timestamp":"2025-12-03T11:01:47.069Z","userId":null,"role":"GUEST","action":"AUTH_TOKEN_VERIFY","resourceId":null,"quotationRequestId":null,"quotationId":null,"status":"FAILED_AUTH","clientIp":"::1","details":"No token provided"}
{"timestamp":"2025-12-03T11:01:51.266Z","userId":null,"role":"GUEST","action":"AUTH_TOKEN_VERIFY","resourceId":null,"quotationRequestId":null,"quotationId":null,"status":"FAILED_AUTH","clientIp":"::1","details":"No token provided"}
{"timestamp":"2025-12-03T11:01:58.433Z","userId":null,"role":"GUEST","action":"AUTH_TOKEN_VERIFY","resourceId":null,"quotationRequestId":null,"quotationId":null,"status":"FAILED_AUTH","clientIp":"::1","details":"No token provided"}
{"timestamp":"2025-12-03T11:02:02.441Z","userId":"68fb1f873cfcdfde25e2f0fd","role":"ADMIN","action":"VIEW_ALL_QUOTATIONS","resourceId":null,"quotationRequestId":null,"quotationId":null,"status":"SUCCESS","clientIp":"::1","details":"statusFilter=all, count=24"}
{"timestamp":"2025-12-03T11:02:58.706Z","userId":null,"role":"GUEST","action":"AUTH_TOKEN_VERIFY","resourceId":null,"quotationRequestId":null,"quotationId":null,"status":"FAILED_AUTH","clientIp":"::1","details":"No token provided"}
{"timestamp":"2025-12-03T11:03:43.609Z","userId":"68fb1f873cfcdfde25e2f0fd","role":"ADMIN","action":"VIEW_ALL_USERS","resourceId":null,"quotationRequestId":null,"quotationId":null,"status":"SUCCESS","clientIp":"::1","details":"Admin viewed all users, count=14"}
{"timestamp":"2025-12-03T11:03:59.578Z","userId":null,"role":"GUEST","action":"AUTH_TOKEN_VERIFY","resourceId":null,"quotationRequestId":null,"quotationId":null,"status":"FAILED_AUTH","clientIp":"::1","details":"No token provided"}
{"timestamp":"2025-12-03T11:04:09.153Z","userId":"68fb1f873cfcdfde25e2f0fd","role":"ADMIN","action":"LOGIN_SUCCESS","resourceId":null,"quotationRequestId":null,"quotationId":null,"status":"SUCCESS","clientIp":"::1","details":"User logged in successfully, email=admin@arkadmin.com"}
{"timestamp":"2025-12-03T11:04:29.804Z","userId":null,"role":"GUEST","action":"AUTH_TOKEN_VERIFY","resourceId":null,"quotationRequestId":null,"quotationId":null,"status":"FAILED_AUTH","clientIp":"::1","details":"No token provided"}
{"timestamp":"2025-12-03T11:06:18.113Z","userId":"68fb1f873cfcdfde25e2f0fd","role":"ADMIN","action":"REMOVE_STONE","resourceId":"692d5b7b257a8886c4133ab4","quotationRequestId":null,"quotationId":null,"status":"SUCCESS","clientIp":"::1","details":"stoneName=best stone 3, qrCode=5dfb130d-b634-45e5-91d5-dec1111ac6ac"}
{"timestamp":"2025-12-03T11:07:18.285Z","userId":"68fb1f873cfcdfde25e2f0fd","role":"ADMIN","action":"ADD_STONE","resourceId":"693019e6c5ce68db441c248d","quotationRequestId":null,"quotationId":null,"status":"SUCCESS","clientIp":"::1","details":"stoneName=sado, category=sado_pink, price=87787, qrCode=99ad42f8-71c2-46d0-8a73-fae8c15f4902"}
